Time,Latitude,Longitude,Speed[km/h],Altitude[m],Active_Satelites,
14:36:10,+49.226879,+16.573978,0.45,296.8,5,
14:36:11,+49.226883,+16.573971,0.03,297.3,5,
14:36:12,+49.226883,+16.573967,0.15,297.6,5,
14:36:13,+49.226883,+16.573963,0.11,297.6,5,
14:36:14,+49.226883,+16.573963,0.24,297.7,5,
14:36:15,+49.226883,+16.573965,0.29,297.7,5,
14:36:16,+49.226883,+16.573963,0.12,297.7,5,
14:36:17,+49.226883,+16.573963,0.10,297.7,5,
14:36:18,+49.226883,+16.573961,0.12,297.7,5,
14:36:19,+49.226883,+16.573961,0.20,297.7,5,
14:36:20,+49.226883,+16.573961,0.31,297.7,5,
14:36:21,+49.226883,+16.573963,0.24,297.8,5,
14:36:22,+49.226883,+16.573963,0.25,297.8,5,
14:36:23,+49.226883,+16.573963,0.56,297.8,5,
14:36:24,+49.226887,+16.573963,1.05,297.8,5,
14:36:25,+49.226887,+16.573965,0.81,297.8,5,
14:36:26,+49.226891,+16.573963,0.89,297.8,5,
14:36:27,+49.226891,+16.573959,1.39,297.8,5,
14:36:28,+49.226894,+16.573946,2.14,298.3,5,
14:36:29,+49.226891,+16.573931,2.82,298.6,5,
14:36:30,+49.226891,+16.573904,4.01,299.2,5,
14:36:31,+49.226891,+16.573885,3.37,300.0,5,
14:36:32,+49.226891,+16.573875,2.27,300.3,5,
14:36:33,+49.226891,+16.573870,1.10,300.7,5,
14:36:34,+49.226894,+16.573864,0.70,301.2,5,
14:36:35,+49.226894,+16.573860,0.64,301.6,5,
14:36:36,+49.226894,+16.573853,1.00,301.9,5,
14:36:37,+49.226898,+16.573839,2.33,302.4,5,
14:36:38,+49.226902,+16.573824,3.44,302.6,5,
14:36:39,+49.226906,+16.573801,4.16,302.9,5,
14:36:40,+49.226906,+16.573780,4.90,303.1,5,
14:36:41,+49.226913,+16.573761,5.19,303.2,5,
14:36:42,+49.226917,+16.573742,5.53,303.5,5,
14:36:43,+49.226929,+16.573727,5.44,303.8,5,
14:36:44,+49.226940,+16.573713,5.67,304.1,5,
14:36:45,+49.226955,+16.573700,6.11,304.4,5,
14:36:46,+49.226971,+16.573687,6.32,304.6,5,
14:36:47,+49.226986,+16.573673,5.81,304.8,5,
14:36:48,+49.226997,+16.573662,4.90,304.7,5,
14:36:49,+49.227013,+16.573652,4.90,304.7,5,
14:36:50,+49.227028,+16.573641,4.85,304.7,5,
14:36:51,+49.227039,+16.573633,5.20,304.6,5,
14:36:52,+49.227055,+16.573622,5.60,304.5,5,
14:36:53,+49.227070,+16.573608,6.53,304.5,5,
14:36:54,+49.227081,+16.573593,4.83,304.5,5,
14:36:55,+49.227093,+16.573580,5.40,304.5,5,
14:36:56,+49.227104,+16.573568,5.92,304.6,5,
14:36:57,+49.227116,+16.573561,4.82,304.6,5,
14:36:58,+49.227131,+16.573549,6.24,304.6,5,
14:36:59,+49.227142,+16.573544,3.33,304.4,5,
14:37:00,+49.227150,+16.573536,3.16,304.2,5,
14:37:01,+49.227165,+16.573526,4.23,304.2,5,
14:37:02,+49.227180,+16.573519,5.87,304.1,5,
14:37:03,+49.227196,+16.573511,5.72,304.1,5,
14:37:04,+49.227207,+16.573503,4.47,304.2,5,
14:37:05,+49.227219,+16.573496,5.28,304.3,5,
14:37:06,+49.227234,+16.573483,5.16,304.2,5,
14:37:07,+49.227245,+16.573471,4.72,304.3,5,
14:37:08,+49.227261,+16.573463,5.58,304.4,5,
14:37:09,+49.227272,+16.573454,5.94,304.4,5,
14:37:10,+49.227283,+16.573442,4.77,304.5,5,
14:37:11,+49.227291,+16.573437,2.99,304.6,5,
14:37:12,+49.227299,+16.573420,4.86,304.7,5,
14:37:13,+49.227306,+16.573404,5.33,304.8,5,
14:37:14,+49.227318,+16.573397,4.31,304.8,5,
14:37:15,+49.227329,+16.573391,4.35,305.0,5,
14:37:16,+49.227341,+16.573381,5.33,305.0,5,
14:37:17,+49.227356,+16.573374,5.47,305.1,5,
14:37:18,+49.227371,+16.573366,5.82,305.2,5,
14:37:19,+49.227383,+16.573360,5.02,305.4,5,
14:37:20,+49.227394,+16.573351,4.10,305.5,5,
14:37:21,+49.227406,+16.573345,4.07,305.5,5,
14:37:22,+49.227413,+16.573339,3.89,305.5,5,
14:37:23,+49.227417,+16.573339,1.48,305.7,5,
14:37:24,+49.227417,+16.573341,0.19,305.8,5,
14:37:25,+49.227413,+16.573343,0.42,305.7,5,
14:37:26,+49.227413,+16.573343,0.39,305.7,5,
14:37:27,+49.227409,+16.573343,0.14,305.6,5,
14:37:28,+49.227409,+16.573343,0.53,305.7,5,
14:37:29,+49.227409,+16.573343,0.72,305.7,5,
14:37:30,+49.227409,+16.573345,0.37,305.7,5,
14:37:31,+49.227409,+16.573347,0.56,305.7,5,
14:37:32,+49.227406,+16.573347,0.20,305.7,5,
14:37:33,+49.227406,+16.573347,0.10,305.7,5,
14:37:34,+49.227406,+16.573347,0.18,305.6,5,
14:37:35,+49.227406,+16.573347,1.44,305.7,5,
14:37:36,+49.227417,+16.573339,3.12,305.6,5,
14:37:37,+49.227428,+16.573332,3.67,305.5,5,
14:37:38,+49.227440,+16.573322,4.56,305.4,5,
14:37:39,+49.227451,+16.573309,5.81,305.3,5,
14:37:40,+49.227463,+16.573298,5.44,305.3,5,
14:37:41,+49.227482,+16.573296,7.31,305.3,5,
14:37:42,+49.227497,+16.573301,5.78,305.3,5,
14:37:43,+49.227505,+16.573317,6.38,305.4,5,
14:37:44,+49.227512,+16.573338,6.74,305.5,5,
14:37:45,+49.227520,+16.573360,7.61,305.5,5,
14:37:46,+49.227528,+16.573378,6.41,305.5,5,
14:37:47,+49.227528,+16.573404,6.73,305.5,5,
14:37:48,+49.227528,+16.573423,5.33,305.4,5,
14:37:49,+49.227531,+16.573437,3.52,305.4,5,
14:37:50,+49.227535,+16.573448,4.92,305.4,5,
14:37:51,+49.227535,+16.573458,3.10,305.4,5,
14:37:52,+49.227543,+16.573473,3.74,305.5,5,
14:37:53,+49.227547,+16.573484,3.17,305.4,5,
14:37:54,+49.227547,+16.573496,3.64,305.3,5,
14:37:55,+49.227551,+16.573517,5.15,305.3,5,
14:37:56,+49.227554,+16.573536,4.97,305.3,5,
14:37:57,+49.227562,+16.573553,5.47,305.2,5,
14:37:58,+49.227562,+16.573568,4.98,305.2,5,
14:37:59,+49.227566,+16.573589,5.10,305.2,5,
14:38:00,+49.227562,+16.573610,5.15,305.3,5,
14:38:01,+49.227566,+16.573627,4.36,305.3,5,
14:38:02,+49.227562,+16.573643,3.72,305.2,5,
14:38:03,+49.227566,+16.573662,4.71,305.1,5,
14:38:04,+49.227577,+16.573675,3.61,305.1,5,
14:38:05,+49.227581,+16.573690,4.23,305.1,5,
14:38:06,+49.227585,+16.573708,4.26,304.9,5,
14:38:07,+49.227589,+16.573727,5.56,304.8,5,
14:38:08,+49.227592,+16.573746,5.19,304.7,5,
14:38:09,+49.227600,+16.573765,6.00,304.6,5,
14:38:10,+49.227604,+16.573782,4.77,304.4,5,
14:38:11,+49.227615,+16.573799,5.77,304.1,5,
14:38:12,+49.227619,+16.573816,5.12,304.0,5,
14:38:13,+49.227619,+16.573826,2.43,303.9,5,
14:38:14,+49.227619,+16.573835,2.88,303.7,5,
14:38:15,+49.227623,+16.573847,3.01,303.6,5,
14:38:16,+49.227631,+16.573856,3.11,303.4,5,
14:38:17,+49.227634,+16.573872,3.51,303.3,5,
14:38:18,+49.227638,+16.573879,3.14,303.1,5,
14:38:19,+49.227634,+16.573896,3.40,303.0,5,
14:38:20,+49.227634,+16.573915,3.78,302.9,5,
14:38:21,+49.227642,+16.573936,4.27,302.8,5,
14:38:22,+49.227634,+16.573969,5.53,302.7,5,
14:38:23,+49.227631,+16.573988,5.15,302.6,5,
14:38:24,+49.227627,+16.574013,7.73,302.4,5,
14:38:25,+49.227619,+16.574038,6.60,302.3,5,
14:38:26,+49.227615,+16.574059,5.37,302.1,5,
14:38:27,+49.227608,+16.574080,6.34,301.9,4,
14:38:28,+49.227596,+16.574100,6.48,301.7,5,
14:38:29,+49.227589,+16.574118,4.80,301.6,5,
14:38:30,+49.227585,+16.574135,5.16,301.4,5,
14:38:31,+49.227570,+16.574156,7.02,301.3,4,
14:38:32,+49.227562,+16.574175,5.71,301.2,4,
14:38:33,+49.227554,+16.574196,5.40,301.0,5,
14:38:34,+49.227547,+16.574217,7.44,300.8,5,
14:38:35,+49.227535,+16.574238,6.96,300.7,5,
14:38:36,+49.227528,+16.574259,6.29,300.5,5,
14:38:37,+49.227524,+16.574282,7.65,300.3,4,
14:38:38,+49.227516,+16.574305,6.77,300.1,4,
14:38:39,+49.227509,+16.574326,6.82,299.9,5,
14:38:40,+49.227501,+16.574348,7.57,299.7,4,
14:38:41,+49.227497,+16.574371,6.02,299.5,5,
14:38:42,+49.227489,+16.574394,5.93,299.3,4,
14:38:43,+49.227482,+16.574417,6.20,299.1,5,
14:38:44,+49.227478,+16.574436,4.70,298.8,5,
14:38:45,+49.227474,+16.574457,5.20,298.6,5,
14:38:46,+49.227474,+16.574478,5.75,298.5,5,
14:38:47,+49.227478,+16.574505,7.09,298.7,5,
14:38:48,+49.227478,+16.574526,5.17,298.8,5,
14:38:49,+49.227474,+16.574541,5.26,298.8,5,
14:38:50,+49.227467,+16.574562,5.90,298.8,5,
14:38:51,+49.227459,+16.574579,6.26,298.7,5,
14:38:52,+49.227448,+16.574593,5.22,298.5,5,
14:38:53,+49.227440,+16.574606,5.41,298.4,5,
14:38:54,+49.227428,+16.574623,5.92,298.2,5,
14:38:55,+49.227417,+16.574636,5.79,298.0,5,
14:38:56,+49.227406,+16.574654,5.59,297.9,5,
14:38:57,+49.227398,+16.574671,4.49,297.7,5,
14:38:58,+49.227390,+16.574686,5.18,297.7,5,
14:38:59,+49.227383,+16.574703,5.11,297.6,5,
14:39:00,+49.227375,+16.574718,5.47,297.6,5,
14:39:01,+49.227364,+16.574736,5.75,297.6,5,
14:39:02,+49.227348,+16.574751,7.02,297.6,5,
14:39:03,+49.227337,+16.574766,6.35,297.6,5,
14:39:04,+49.227325,+16.574780,5.65,297.5,5,
14:39:05,+49.227314,+16.574793,4.31,297.5,5,
14:39:06,+49.227306,+16.574802,5.44,297.4,5,
14:39:07,+49.227295,+16.574810,5.06,297.3,5,
14:39:08,+49.227280,+16.574816,5.10,297.2,5,
14:39:09,+49.227268,+16.574820,5.52,297.1,5,
14:39:10,+49.227253,+16.574816,5.73,297.2,5,
14:39:11,+49.227238,+16.574816,5.26,297.2,5,
14:39:12,+49.227230,+16.574812,4.29,297.1,5,
14:39:13,+49.227222,+16.574804,3.73,297.1,5,
14:39:14,+49.227215,+16.574791,3.31,297.1,5,
14:39:15,+49.227203,+16.574785,3.55,297.2,5,
14:39:16,+49.227196,+16.574780,3.02,297.2,5,
14:39:17,+49.227173,+16.574762,5.80,297.3,5,
14:39:18,+49.227150,+16.574749,5.35,297.5,4,
14:39:19,+49.227139,+16.574743,4.97,297.7,5,
14:39:20,+49.227127,+16.574736,4.90,297.7,5,
14:39:21,+49.227119,+16.574730,3.08,297.7,5,
14:39:22,+49.227116,+16.574732,2.33,297.7,5,
14:39:23,+49.227116,+16.574728,2.11,297.7,5,
14:39:24,+49.227116,+16.574724,1.34,297.7,5,
14:39:25,+49.227119,+16.574722,0.68,297.7,5,
14:39:26,+49.227123,+16.574718,0.90,297.7,5,
14:39:27,+49.227123,+16.574715,0.90,297.6,5,
14:39:28,+49.227123,+16.574711,0.91,297.6,5,
14:39:29,+49.227127,+16.574709,0.92,297.6,5,
14:39:30,+49.227127,+16.574705,0.93,297.6,5,
14:39:31,+49.227127,+16.574701,0.95,297.6,4,
14:39:32,+49.227131,+16.574699,0.95,27.6,3,
14:39:33,+49.227131,+16.574697,0.95,27.6,3,
